<?xml version="1.0" encoding="UTF-8"?>
<testsuite name="chap2.PasswordStrengthMeterTest" tests="3" skipped="0" failures="0" errors="0" timestamp="2024-04-15T18:38:05" hostname="jeongdong-gyuui-MacBookPro.local" time="0.016">
  <properties/>
  <testcase name="meetsOtherCriteria_except_for_Number_Then_Normal()" classname="chap2.PasswordStrengthMeterTest" time="0.013"/>
  <testcase name="meetsAllCriteria_Then_Strong()" classname="chap2.PasswordStrengthMeterTest" time="0.0"/>
  <testcase name="meetsOtherCriteria_except_for_Length_Then_Normal()" classname="chap2.PasswordStrengthMeterTest" time="0.001"/>
  <system-out><![CDATA[]]></system-out>
  <system-err><![CDATA[]]></system-err>
</testsuite>
